2020-06-27 18:45:29.740  INFO 70740 --- [main] ConfigServletWebServerApplicationContext : Refreshing org.springframework.boot.web.servlet.context.AnnotationConfigServletWebServerApplicationContext@384ad17b: startup date [Sat Jun 27 18:45:29 CST 2020]; root of context hierarchy
2020-06-27 18:45:30.710  INFO 70740 --- [main] o.s.b.w.embedded.tomcat.TomcatWebServer  : Tomcat initialized with port(s): 9090 (http)
2020-06-27 18:45:30.807  INFO 70740 --- [localhost-startStop-1] o.s.web.context.ContextLoader            : Root WebApplicationContext: initialization completed in 1068 ms
2020-06-27 18:45:30.887  INFO 70740 --- [localhost-startStop-1] o.s.b.w.servlet.ServletRegistrationBean  : Servlet dispatcherServlet mapped to [/]
2020-06-27 18:45:30.892  INFO 70740 --- [localhost-startStop-1] o.s.b.w.servlet.FilterRegistrationBean   : Mapping filter: 'characterEncodingFilter' to: [/*]
2020-06-27 18:45:30.893  INFO 70740 --- [localhost-startStop-1] o.s.b.w.servlet.FilterRegistrationBean   : Mapping filter: 'hiddenHttpMethodFilter' to: [/*]
2020-06-27 18:45:30.893  INFO 70740 --- [localhost-startStop-1] o.s.b.w.servlet.FilterRegistrationBean   : Mapping filter: 'httpPutFormContentFilter' to: [/*]
2020-06-27 18:45:30.893  INFO 70740 --- [localhost-startStop-1] o.s.b.w.servlet.FilterRegistrationBean   : Mapping filter: 'requestContextFilter' to: [/*]
2020-06-27 18:45:31.542  INFO 70740 --- [main] s.w.s.m.m.a.RequestMappingHandlerMapping : Mapped "{[/api/{env}/rules/access],methods=[GET]}" onto public java.util.List<org.apache.dubbo.admin.model.dto.AccessDTO> org.apache.dubbo.admin.controller.AccessesController.searchAccess(java.lang.String,java.lang.String,java.lang.String)
2020-06-27 18:45:31.543  INFO 70740 --- [main] s.w.s.m.m.a.RequestMappingHandlerMapping : Mapped "{[/api/{env}/rules/access/{id}],methods=[GET]}" onto public org.apache.dubbo.admin.model.dto.AccessDTO org.apache.dubbo.admin.controller.AccessesController.detailAccess(java.lang.String,java.lang.String)
2020-06-27 18:45:31.543  INFO 70740 --- [main] s.w.s.m.m.a.RequestMappingHandlerMapping : Mapped "{[/api/{env}/rules/access/{id}],methods=[DELETE]}" onto public void org.apache.dubbo.admin.controller.AccessesController.deleteAccess(java.lang.String,java.lang.String)
2020-06-27 18:45:31.544  INFO 70740 --- [main] s.w.s.m.m.a.RequestMappingHandlerMapping : Mapped "{[/api/{env}/rules/access],methods=[POST]}" onto public void org.apache.dubbo.admin.controller.AccessesController.createAccess(org.apache.dubbo.admin.model.dto.AccessDTO,java.lang.String)
2020-06-27 18:45:31.544  INFO 70740 --- [main] s.w.s.m.m.a.RequestMappingHandlerMapping : Mapped "{[/api/{env}/rules/access/{id}],methods=[PUT]}" onto public void org.apache.dubbo.admin.controller.AccessesController.updateAccess(java.lang.String,org.apache.dubbo.admin.model.dto.AccessDTO,java.lang.String)
2020-06-27 18:45:31.545  INFO 70740 --- [main] s.w.s.m.m.a.RequestMappingHandlerMapping : Mapped "{[/api/{env}/rules/route/condition],methods=[POST]}" onto public boolean org.apache.dubbo.admin.controller.ConditionRoutesController.createRule(org.apache.dubbo.admin.model.dto.ConditionRouteDTO,java.lang.String)
2020-06-27 18:45:31.545  INFO 70740 --- [main] s.w.s.m.m.a.RequestMappingHandlerMapping : Mapped "{[/api/{env}/rules/route/condition/{id}],methods=[PUT]}" onto public boolean org.apache.dubbo.admin.controller.ConditionRoutesController.updateRule(java.lang.String,org.apache.dubbo.admin.model.dto.ConditionRouteDTO,java.lang.String)
2020-06-27 18:45:31.546  INFO 70740 --- [main] s.w.s.m.m.a.RequestMappingHandlerMapping : Mapped "{[/api/{env}/rules/route/condition],methods=[GET]}" onto public java.util.List<org.apache.dubbo.admin.model.dto.ConditionRouteDTO> org.apache.dubbo.admin.controller.ConditionRoutesController.searchRoutes(java.lang.String,java.lang.String,java.lang.String)
2020-06-27 18:45:31.546  INFO 70740 --- [main] s.w.s.m.m.a.RequestMappingHandlerMapping : Mapped "{[/api/{env}/rules/route/condition/{id}],methods=[GET]}" onto public org.apache.dubbo.admin.model.dto.ConditionRouteDTO org.apache.dubbo.admin.controller.ConditionRoutesController.detailRoute(java.lang.String,java.lang.String)
2020-06-27 18:45:31.546  INFO 70740 --- [main] s.w.s.m.m.a.RequestMappingHandlerMapping : Mapped "{[/api/{env}/rules/route/condition/{id}],methods=[DELETE]}" onto public boolean org.apache.dubbo.admin.controller.ConditionRoutesController.deleteRoute(java.lang.String,java.lang.String)
2020-06-27 18:45:31.547  INFO 70740 --- [main] s.w.s.m.m.a.RequestMappingHandlerMapping : Mapped "{[/api/{env}/rules/route/condition/enable/{id}],methods=[PUT]}" onto public boolean org.apache.dubbo.admin.controller.ConditionRoutesController.enableRoute(java.lang.String,java.lang.String)
2020-06-27 18:45:31.547  INFO 70740 --- [main] s.w.s.m.m.a.RequestMappingHandlerMapping : Mapped "{[/api/{env}/rules/route/condition/disable/{id}],methods=[PUT]}" onto public boolean org.apache.dubbo.admin.controller.ConditionRoutesController.disableRoute(java.lang.String,java.lang.String)
2020-06-27 18:45:31.550  INFO 70740 --- [main] s.w.s.m.m.a.RequestMappingHandlerMapping : Mapped "{[/api/{env}/rules/balancing],methods=[POST]}" onto public boolean org.apache.dubbo.admin.controller.LoadBalanceController.createLoadbalance(org.apache.dubbo.admin.model.dto.BalancingDTO,java.lang.String) throws org.apache.dubbo.admin.common.exception.ParamValidationException
2020-06-27 18:45:31.550  INFO 70740 --- [main] s.w.s.m.m.a.RequestMappingHandlerMapping : Mapped "{[/api/{env}/rules/balancing/{id}],methods=[PUT]}" onto public boolean org.apache.dubbo.admin.controller.LoadBalanceController.updateLoadbalance(java.lang.String,org.apache.dubbo.admin.model.dto.BalancingDTO,java.lang.String) throws org.apache.dubbo.admin.common.exception.ParamValidationException
2020-06-27 18:45:31.550  INFO 70740 --- [main] s.w.s.m.m.a.RequestMappingHandlerMapping : Mapped "{[/api/{env}/rules/balancing],methods=[GET]}" onto public java.util.List<org.apache.dubbo.admin.model.dto.BalancingDTO> org.apache.dubbo.admin.controller.LoadBalanceController.searchLoadbalances(java.lang.String,java.lang.String,java.lang.String)
2020-06-27 18:45:31.550  INFO 70740 --- [main] s.w.s.m.m.a.RequestMappingHandlerMapping : Mapped "{[/api/{env}/rules/balancing/{id}],methods=[GET]}" onto public org.apache.dubbo.admin.model.dto.BalancingDTO org.apache.dubbo.admin.controller.LoadBalanceController.detailLoadBalance(java.lang.String,java.lang.String) throws org.apache.dubbo.admin.common.exception.ParamValidationException
2020-06-27 18:45:31.551  INFO 70740 --- [main] s.w.s.m.m.a.RequestMappingHandlerMapping : Mapped "{[/api/{env}/rules/balancing/{id}],methods=[DELETE]}" onto public boolean org.apache.dubbo.admin.controller.LoadBalanceController.deleteLoadBalance(java.lang.String,java.lang.String)
2020-06-27 18:45:31.551  INFO 70740 --- [main] s.w.s.m.m.a.RequestMappingHandlerMapping : Mapped "{[/api/{env}/manage/config/{key}],methods=[GET]}" onto public java.util.List<org.apache.dubbo.admin.model.dto.ConfigDTO> org.apache.dubbo.admin.controller.ManagementController.getConfig(java.lang.String,java.lang.String)
2020-06-27 18:45:31.551  INFO 70740 --- [main] s.w.s.m.m.a.RequestMappingHandlerMapping : Mapped "{[/api/{env}/manage/config],methods=[POST]}" onto public boolean org.apache.dubbo.admin.controller.ManagementController.createConfig(org.apache.dubbo.admin.model.dto.ConfigDTO,java.lang.String)
2020-06-27 18:45:31.552  INFO 70740 --- [main] s.w.s.m.m.a.RequestMappingHandlerMapping : Mapped "{[/api/{env}/manage/config/{key}],methods=[PUT]}" onto public boolean org.apache.dubbo.admin.controller.ManagementController.updateConfig(java.lang.String,org.apache.dubbo.admin.model.dto.ConfigDTO,java.lang.String)
2020-06-27 18:45:31.552  INFO 70740 --- [main] s.w.s.m.m.a.RequestMappingHandlerMapping : Mapped "{[/api/{env}/manage/config/{key}],methods=[DELETE]}" onto public boolean org.apache.dubbo.admin.controller.ManagementController.deleteConfig(java.lang.String,java.lang.String)
2020-06-27 18:45:31.553  INFO 70740 --- [main] s.w.s.m.m.a.RequestMappingHandlerMapping : Mapped "{[/api/{env}/rules/override/enable/{id}],methods=[PUT]}" onto public boolean org.apache.dubbo.admin.controller.OverridesController.enableRoute(java.lang.String,java.lang.String)
2020-06-27 18:45:31.553  INFO 70740 --- [main] s.w.s.m.m.a.RequestMappingHandlerMapping : Mapped "{[/api/{env}/rules/override/disable/{id}],methods=[PUT]}" onto public boolean org.apache.dubbo.admin.controller.OverridesController.disableRoute(java.lang.String,java.lang.String)
2020-06-27 18:45:31.553  INFO 70740 --- [main] s.w.s.m.m.a.RequestMappingHandlerMapping : Mapped "{[/api/{env}/rules/override],methods=[POST]}" onto public boolean org.apache.dubbo.admin.controller.OverridesController.createOverride(org.apache.dubbo.admin.model.dto.DynamicConfigDTO,java.lang.String)
2020-06-27 18:45:31.553  INFO 70740 --- [main] s.w.s.m.m.a.RequestMappingHandlerMapping : Mapped "{[/api/{env}/rules/override/{id}],methods=[PUT]}" onto public boolean org.apache.dubbo.admin.controller.OverridesController.updateOverride(java.lang.String,org.apache.dubbo.admin.model.dto.DynamicConfigDTO,java.lang.String)
2020-06-27 18:45:31.553  INFO 70740 --- [main] s.w.s.m.m.a.RequestMappingHandlerMapping : Mapped "{[/api/{env}/rules/override],methods=[GET]}" onto public java.util.List<org.apache.dubbo.admin.model.dto.DynamicConfigDTO> org.apache.dubbo.admin.controller.OverridesController.searchOverride(java.lang.String,java.lang.String,java.lang.String)
2020-06-27 18:45:31.554  INFO 70740 --- [main] s.w.s.m.m.a.RequestMappingHandlerMapping : Mapped "{[/api/{env}/rules/override/{id}],methods=[GET]}" onto public org.apache.dubbo.admin.model.dto.DynamicConfigDTO org.apache.dubbo.admin.controller.OverridesController.detailOverride(java.lang.String,java.lang.String)
2020-06-27 18:45:31.554  INFO 70740 --- [main] s.w.s.m.m.a.RequestMappingHandlerMapping : Mapped "{[/api/{env}/rules/override/{id}],methods=[DELETE]}" onto public boolean org.apache.dubbo.admin.controller.OverridesController.deleteOverride(java.lang.String,java.lang.String)
2020-06-27 18:45:31.555  INFO 70740 --- [main] s.w.s.m.m.a.RequestMappingHandlerMapping : Mapped "{[/api/{env}/service],methods=[GET]}" onto public org.springframework.data.domain.Page<org.apache.dubbo.admin.model.dto.ServiceDTO> org.apache.dubbo.admin.controller.ServiceController.searchService(java.lang.String,java.lang.String,java.lang.String,org.springframework.data.domain.Pageable)
2020-06-27 18:45:31.555  INFO 70740 --- [main] s.w.s.m.m.a.RequestMappingHandlerMapping : Mapped "{[/api/{env}/service/{service}],methods=[GET]}" onto public org.apache.dubbo.admin.model.dto.ServiceDetailDTO org.apache.dubbo.admin.controller.ServiceController.serviceDetail(java.lang.String,java.lang.String)
2020-06-27 18:45:31.555  INFO 70740 --- [main] s.w.s.m.m.a.RequestMappingHandlerMapping : Mapped "{[/api/{env}/services],methods=[GET]}" onto public java.util.Set<java.lang.String> org.apache.dubbo.admin.controller.ServiceController.allServices(java.lang.String)
2020-06-27 18:45:31.555  INFO 70740 --- [main] s.w.s.m.m.a.RequestMappingHandlerMapping : Mapped "{[/api/{env}/applications],methods=[GET]}" onto public java.util.Set<java.lang.String> org.apache.dubbo.admin.controller.ServiceController.allApplications(java.lang.String)
2020-06-27 18:45:31.556  INFO 70740 --- [main] s.w.s.m.m.a.RequestMappingHandlerMapping : Mapped "{[/api/{env}/test],methods=[POST]}" onto public java.lang.Object org.apache.dubbo.admin.controller.ServiceTestController.test(java.lang.String,org.apache.dubbo.admin.model.dto.ServiceTestDTO)
2020-06-27 18:45:31.556  INFO 70740 --- [main] s.w.s.m.m.a.RequestMappingHandlerMapping : Mapped "{[/api/{env}/test/method],methods=[GET]}" onto public org.apache.dubbo.admin.model.domain.MethodMetadata org.apache.dubbo.admin.controller.ServiceTestController.methodDetail(java.lang.String,java.lang.String,java.lang.String,java.lang.String)
2020-06-27 18:45:31.557  INFO 70740 --- [main] s.w.s.m.m.a.RequestMappingHandlerMapping : Mapped "{[/api/{env}/rules/route/tag],methods=[POST]}" onto public boolean org.apache.dubbo.admin.controller.TagRoutesController.createRule(org.apache.dubbo.admin.model.dto.TagRouteDTO,java.lang.String)
2020-06-27 18:45:31.557  INFO 70740 --- [main] s.w.s.m.m.a.RequestMappingHandlerMapping : Mapped "{[/api/{env}/rules/route/tag/{id}],methods=[PUT]}" onto public boolean org.apache.dubbo.admin.controller.TagRoutesController.updateRule(java.lang.String,org.apache.dubbo.admin.model.dto.TagRouteDTO,java.lang.String)
2020-06-27 18:45:31.557  INFO 70740 --- [main] s.w.s.m.m.a.RequestMappingHandlerMapping : Mapped "{[/api/{env}/rules/route/tag],methods=[GET]}" onto public java.util.List<org.apache.dubbo.admin.model.dto.TagRouteDTO> org.apache.dubbo.admin.controller.TagRoutesController.searchRoutes(java.lang.String,java.lang.String)
2020-06-27 18:45:31.557  INFO 70740 --- [main] s.w.s.m.m.a.RequestMappingHandlerMapping : Mapped "{[/api/{env}/rules/route/tag/{id}],methods=[GET]}" onto public org.apache.dubbo.admin.model.dto.TagRouteDTO org.apache.dubbo.admin.controller.TagRoutesController.detailRoute(java.lang.String,java.lang.String)
2020-06-27 18:45:31.558  INFO 70740 --- [main] s.w.s.m.m.a.RequestMappingHandlerMapping : Mapped "{[/api/{env}/rules/route/tag/{id}],methods=[DELETE]}" onto public boolean org.apache.dubbo.admin.controller.TagRoutesController.deleteRoute(java.lang.String,java.lang.String)
2020-06-27 18:45:31.558  INFO 70740 --- [main] s.w.s.m.m.a.RequestMappingHandlerMapping : Mapped "{[/api/{env}/rules/route/tag/enable/{id}],methods=[PUT]}" onto public boolean org.apache.dubbo.admin.controller.TagRoutesController.enableRoute(java.lang.String,java.lang.String)
2020-06-27 18:45:31.558  INFO 70740 --- [main] s.w.s.m.m.a.RequestMappingHandlerMapping : Mapped "{[/api/{env}/rules/route/tag/disable/{id}],methods=[PUT]}" onto public boolean org.apache.dubbo.admin.controller.TagRoutesController.disableRoute(java.lang.String,java.lang.String)
2020-06-27 18:45:31.559  INFO 70740 --- [main] s.w.s.m.m.a.RequestMappingHandlerMapping : Mapped "{[/api/{env}/rules/weight],methods=[POST]}" onto public boolean org.apache.dubbo.admin.controller.WeightController.createWeight(org.apache.dubbo.admin.model.dto.WeightDTO,java.lang.String)
2020-06-27 18:45:31.559  INFO 70740 --- [main] s.w.s.m.m.a.RequestMappingHandlerMapping : Mapped "{[/api/{env}/rules/weight/{id}],methods=[PUT]}" onto public boolean org.apache.dubbo.admin.controller.WeightController.updateWeight(java.lang.String,org.apache.dubbo.admin.model.dto.WeightDTO,java.lang.String)
2020-06-27 18:45:31.559  INFO 70740 --- [main] s.w.s.m.m.a.RequestMappingHandlerMapping : Mapped "{[/api/{env}/rules/weight],methods=[GET]}" onto public java.util.List<org.apache.dubbo.admin.model.dto.WeightDTO> org.apache.dubbo.admin.controller.WeightController.searchWeight(java.lang.String,java.lang.String,java.lang.String)
2020-06-27 18:45:31.559  INFO 70740 --- [main] s.w.s.m.m.a.RequestMappingHandlerMapping : Mapped "{[/api/{env}/rules/weight/{id}],methods=[GET]}" onto public org.apache.dubbo.admin.model.dto.WeightDTO org.apache.dubbo.admin.controller.WeightController.detailWeight(java.lang.String,java.lang.String)
2020-06-27 18:45:31.559  INFO 70740 --- [main] s.w.s.m.m.a.RequestMappingHandlerMapping : Mapped "{[/api/{env}/rules/weight/{id}],methods=[DELETE]}" onto public boolean org.apache.dubbo.admin.controller.WeightController.deleteWeight(java.lang.String,java.lang.String)
2020-06-27 18:45:31.567  INFO 70740 --- [main] s.w.s.m.m.a.RequestMappingHandlerMapping : Mapped "{[/swagger-resources/configuration/ui]}" onto public org.springframework.http.ResponseEntity<springfox.documentation.swagger.web.UiConfiguration> springfox.documentation.swagger.web.ApiResourceController.uiConfiguration()
2020-06-27 18:45:31.567  INFO 70740 --- [main] s.w.s.m.m.a.RequestMappingHandlerMapping : Mapped "{[/swagger-resources]}" onto public org.springframework.http.ResponseEntity<java.util.List<springfox.documentation.swagger.web.SwaggerResource>> springfox.documentation.swagger.web.ApiResourceController.swaggerResources()
2020-06-27 18:45:31.568  INFO 70740 --- [main] s.w.s.m.m.a.RequestMappingHandlerMapping : Mapped "{[/swagger-resources/configuration/security]}" onto public org.springframework.http.ResponseEntity<springfox.documentation.swagger.web.SecurityConfiguration> springfox.documentation.swagger.web.ApiResourceController.securityConfiguration()
2020-06-27 18:45:31.572  INFO 70740 --- [main] s.w.s.m.m.a.RequestMappingHandlerMapping : Mapped "{[/error]}" onto public org.springframework.http.ResponseEntity<java.util.Map<java.lang.String, java.lang.Object>> org.springframework.boot.autoconfigure.web.servlet.error.BasicErrorController.error(javax.servlet.http.HttpServletRequest)
2020-06-27 18:45:31.575  INFO 70740 --- [main] s.w.s.m.m.a.RequestMappingHandlerMapping : Mapped "{[/error],produces=[text/html]}" onto public org.springframework.web.servlet.ModelAndView org.springframework.boot.autoconfigure.web.servlet.error.BasicErrorController.errorHtml(javax.servlet.http.HttpServletRequest,javax.servlet.http.HttpServletResponse)
2020-06-27 18:45:31.690  INFO 70740 --- [main] pertySourcedRequestMappingHandlerMapping : Mapped URL path [/v2/api-docs] onto method [public org.springframework.http.ResponseEntity<springfox.documentation.spring.web.json.Json> springfox.documentation.swagger2.web.Swagger2Controller.getDocumentation(java.lang.String,javax.servlet.http.HttpServletRequest)]
2020-06-27 18:45:31.751  INFO 70740 --- [main] o.s.w.s.handler.SimpleUrlHandlerMapping  : Mapped URL path [/**/favicon.ico] onto handler of type [class org.springframework.web.servlet.resource.ResourceHttpRequestHandler]
2020-06-27 18:45:31.873  INFO 70740 --- [main] s.w.s.m.m.a.RequestMappingHandlerAdapter : Looking for @ControllerAdvice: org.springframework.boot.web.servlet.context.AnnotationConfigServletWebServerApplicationContext@384ad17b: startup date [Sat Jun 27 18:45:29 CST 2020]; root of context hierarchy
2020-06-27 18:45:31.913  INFO 70740 --- [main] o.s.w.s.handler.SimpleUrlHandlerMapping  : Mapped URL path [/webjars/**] onto handler of type [class org.springframework.web.servlet.resource.ResourceHttpRequestHandler]
2020-06-27 18:45:31.913  INFO 70740 --- [main] o.s.w.s.handler.SimpleUrlHandlerMapping  : Mapped URL path [/**] onto handler of type [class org.springframework.web.servlet.resource.ResourceHttpRequestHandler]
2020-06-27 18:45:31.924  INFO 70740 --- [main] .m.m.a.ExceptionHandlerExceptionResolver : Detected @ExceptionHandler methods in customExceptionHandler
2020-06-27 18:45:31.945  INFO 70740 --- [main] o.s.b.a.w.s.WelcomePageHandlerMapping    : Adding welcome page: class path resource [public/index.html]
2020-06-27 18:45:32.055  INFO 70740 --- [main] o.s.j.e.a.AnnotationMBeanExporter        : Registering beans for JMX exposure on startup
2020-06-27 18:45:32.063  INFO 70740 --- [main] o.s.c.support.DefaultLifecycleProcessor  : Starting beans in phase 2147483647
2020-06-27 18:45:32.064  INFO 70740 --- [main] d.s.w.p.DocumentationPluginsBootstrapper : Context refreshed
2020-06-27 18:45:32.077  INFO 70740 --- [main] d.s.w.p.DocumentationPluginsBootstrapper : Found 1 custom documentation plugin(s)
2020-06-27 18:45:32.129  INFO 70740 --- [main] s.d.s.w.s.ApiListingReferenceScanner     : Scanning for api listing references
2020-06-27 18:45:32.278  INFO 70740 --- [main] .d.s.w.r.o.CachingOperationNameGenerator : Generating unique operation named: disableRouteUsingPUT_1
2020-06-27 18:45:32.279  INFO 70740 --- [main] .d.s.w.r.o.CachingOperationNameGenerator : Generating unique operation named: enableRouteUsingPUT_1
2020-06-27 18:45:32.339  INFO 70740 --- [main] .d.s.w.r.o.CachingOperationNameGenerator : Generating unique operation named: createRuleUsingPOST_1
2020-06-27 18:45:32.339  INFO 70740 --- [main] .d.s.w.r.o.CachingOperationNameGenerator : Generating unique operation named: deleteRouteUsingDELETE_1
2020-06-27 18:45:32.342  INFO 70740 --- [main] .d.s.w.r.o.CachingOperationNameGenerator : Generating unique operation named: detailRouteUsingGET_1
2020-06-27 18:45:32.343  INFO 70740 --- [main] .d.s.w.r.o.CachingOperationNameGenerator : Generating unique operation named: disableRouteUsingPUT_2
2020-06-27 18:45:32.344  INFO 70740 --- [main] .d.s.w.r.o.CachingOperationNameGenerator : Generating unique operation named: enableRouteUsingPUT_2
2020-06-27 18:45:32.345  INFO 70740 --- [main] .d.s.w.r.o.CachingOperationNameGenerator : Generating unique operation named: searchRoutesUsingGET_1
2020-06-27 18:45:32.347  INFO 70740 --- [main] .d.s.w.r.o.CachingOperationNameGenerator : Generating unique operation named: updateRuleUsingPUT_1
2020-06-27 18:45:32.393  INFO 70740 --- [main] o.s.b.w.embedded.tomcat.TomcatWebServer  : Tomcat started on port(s): 9090 (http) with context path ''
2020-06-27 18:46:05.505  INFO 70740 --- [http-nio-9090-exec-1] o.s.web.servlet.DispatcherServlet        : FrameworkServlet 'dispatcherServlet': initialization started
2020-06-27 18:46:05.523  INFO 70740 --- [http-nio-9090-exec-1] o.s.web.servlet.DispatcherServlet        : FrameworkServlet 'dispatcherServlet': initialization completed in 18 ms
2020-06-27 21:35:30.640  INFO 70740 --- [Thread-10] ConfigServletWebServerApplicationContext : Closing org.springframework.boot.web.servlet.context.AnnotationConfigServletWebServerApplicationContext@384ad17b: startup date [Sat Jun 27 18:45:29 CST 2020]; root of context hierarchy
2020-06-27 21:35:30.643  INFO 70740 --- [Thread-10] o.s.c.support.DefaultLifecycleProcessor  : Stopping beans in phase 2147483647
2020-06-27 21:35:30.643  INFO 70740 --- [Thread-10] o.s.j.e.a.AnnotationMBeanExporter        : Unregistering JMX-exposed beans on shutdown
